build/outputs/logs/manifest-merger-release-report.txt
-- Merging decision tree log ---
manifest
ADDED from morpheus/repo-factconnector/AndroidManifest.xml:2:1-221:12
	package
		ADDED from morpheus/repo-factconnector/AndroidManifest.xml:3:5-42
	android:versionName
		ADDED from morpheus/repo-factconnector/AndroidManifest.xml:5:5-30
		INJECTED from morpheus/repo-factconnector/AndroidManifest.xml
		INJECTED from morpheus/repo-factconnector/AndroidManifest.xml
	android:versionCode
		ADDED from morpheus/repo-factconnector/AndroidManifest.xml:4:5-28
		INJECTED from morpheus/repo-factconnector/AndroidManifest.xml
		INJECTED from morpheus/repo-factconnector/AndroidManifest.xml
	xmlns:android
		ADDED from morpheus/repo-factconnector/AndroidManifest.xml:2:11-69
uses-sdk
ADDED from morpheus/repo-factconnector/AndroidManifest.xml:7:5-9:41
MERGED from [com.android.support:multidex:1.0.1] AndroidManifest.xml:18:5-42
MERGED from [com.google.firebase:firebase-messaging:15.0.2] AndroidManifest.xml:20:5-44
MERGED from [com.google.firebase:firebase-core:15.0.2] AndroidManifest.xml:5:5-44
MERGED from [com.google.firebase:firebase-measurement-connector-impl:15.0.0] AndroidManifest.xml:20:5-44
MERGED from [com.google.firebase:firebase-analytics:15.0.2] AndroidManifest.xml:20:5-44
MERGED from [com.google.firebase:firebase-analytics-impl:15.0.2] AndroidManifest.xml:20:5-44
MERGED from [com.google.android.gms:play-services-ads-identifier:15.0.1] AndroidManifest.xml:20:5-44
MERGED from [com.google.android.gms:play-services-measurement-base:15.0.2] AndroidManifest.xml:20:5-44
MERGED from [com.google.firebase:firebase-iid:15.1.0] AndroidManifest.xml:20:5-44
MERGED from [com.google.android.gms:play-services-stats:15.0.1] AndroidManifest.xml:5:5-44
MERGED from [com.google.firebase:firebase-common:15.0.1] AndroidManifest.xml:5:5-44
MERGED from [com.google.firebase:firebase-iid-interop:15.0.0] AndroidManifest.xml:5:5-44
MERGED from [com.google.android.gms:play-services-base:15.0.1] AndroidManifest.xml:20:5-44
MERGED from [com.google.android.gms:play-services-tasks:15.0.1] AndroidManifest.xml:5:5-44
MERGED from [com.google.firebase:firebase-measurement-connector:15.0.0] AndroidManifest.xml:20:5-44
MERGED from [com.google.android.gms:play-services-basement:15.0.1] AndroidManifest.xml:20:5-44
MERGED from [com.firebase:firebase-jobdispatcher:0.8.5] AndroidManifest.xml:22:5-24:41
MERGED from [com.android.support:design:27.1.1] AndroidManifest.xml:20:5-44
MERGED from [com.android.support:recyclerview-v7:27.1.1] AndroidManifest.xml:20:5-44
MERGED from [com.android.support:transition:27.1.1] AndroidManifest.xml:20:5-44
MERGED from [com.android.support:appcompat-v7:27.1.1] AndroidManifest.xml:20:5-44
MERGED from [com.android.support:support-fragment:27.1.1] AndroidManifest.xml:20:5-44
MERGED from [android.arch.lifecycle:livedata-core:1.1.0] AndroidManifest.xml:20:5-44
MERGED from [android.arch.core:runtime:1.1.0] AndroidManifest.xml:20:5-44
MERGED from [android.arch.lifecycle:viewmodel:1.1.0] AndroidManifest.xml:20:5-44
MERGED from [com.android.support:animated-vector-drawable:27.1.1] AndroidManifest.xml:20:5-44
MERGED from [com.android.support:support-vector-drawable:27.1.1] AndroidManifest.xml:20:5-44
MERGED from [com.android.support:support-core-ui:27.1.1] AndroidManifest.xml:20:5-44
MERGED from [com.android.support:support-core-utils:27.1.1] AndroidManifest.xml:20:5-44
MERGED from [com.android.support:support-compat:27.1.1] AndroidManifest.xml:20:5-44
MERGED from [android.arch.lifecycle:runtime:1.1.0] AndroidManifest.xml:20:5-44
MERGED from [com.android.support.constraint:constraint-layout:1.1.3] AndroidManifest.xml:5:5-7:41
	android:targetSdkVersion
		ADDED from morpheus/repo-factconnector/AndroidManifest.xml:9:9-38
	android:minSdkVersion
		ADDED from morpheus/repo-factconnector/AndroidManifest.xml:8:9-35
permission#kr.co.genexon.factconnector.permission.MPUSH_PERMISSION
ADDED from morpheus/repo-factconnector/AndroidManifest.xml:11:5-13:47
	android:protectionLevel
		ADDED from morpheus/repo-factconnector/AndroidManifest.xml:13:9-44
	android:name
		ADDED from morpheus/repo-factconnector/AndroidManifest.xml:12:9-79
uses-permission#kr.co.genexon.factconnector.permission.MPUSH_PERMISSION
ADDED from morpheus/repo-factconnector/AndroidManifest.xml:15:5-95
	android:name
		ADDED from morpheus/repo-factconnector/AndroidManifest.xml:15:22-92
uses-feature#android.hardware.telephony
ADDED from morpheus/repo-factconnector/AndroidManifest.xml:17:5-19:36
	android:required
		ADDED from morpheus/repo-factconnector/AndroidManifest.xml:19:9-33
	android:name
		ADDED from morpheus/repo-factconnector/AndroidManifest.xml:18:9-50
uses-permission#android.permission.RESTART_PACKAGES
ADDED from morpheus/repo-factconnector/AndroidManifest.xml:21:5-75
	android:name
		ADDED from morpheus/repo-factconnector/AndroidManifest.xml:21:22-72
uses-permission#android.permission.KILL_BACKGROUND_PROCESSES
ADDED from morpheus/repo-factconnector/AndroidManifest.xml:22:5-84
	android:name
		ADDED from morpheus/repo-factconnector/AndroidManifest.xml:22:22-81
uses-permission#android.permission.VIBRATE
ADDED from morpheus/repo-factconnector/AndroidManifest.xml:23:5-66
	android:name
		ADDED from morpheus/repo-factconnector/AndroidManifest.xml:23:22-63
uses-permission#android.permission.READ_EXTERNAL_STORAGE
ADDED from morpheus/repo-factconnector/AndroidManifest.xml:24:5-80
	android:name
		ADDED from morpheus/repo-factconnector/AndroidManifest.xml:24:22-77
uses-permission#android.permission.WRITE_EXTERNAL_STORAGE
ADDED from morpheus/repo-factconnector/AndroidManifest.xml:25:5-81
	android:name
		ADDED from morpheus/repo-factconnector/AndroidManifest.xml:25:22-78
uses-permission#android.permission.GET_TASKS
ADDED from morpheus/repo-factconnector/AndroidManifest.xml:26:5-68
	android:name
		ADDED from morpheus/repo-factconnector/AndroidManifest.xml:26:22-65
uses-permission#android.permission.WAKE_LOCK
ADDED from morpheus/repo-factconnector/AndroidManifest.xml:27:5-68
MERGED from [com.google.firebase:firebase-measurement-connector-impl:15.0.0] AndroidManifest.xml:24:5-68
MERGED from [com.google.firebase:firebase-analytics:15.0.2] AndroidManifest.xml:25:5-68
MERGED from [com.google.firebase:firebase-analytics-impl:15.0.2] AndroidManifest.xml:25:5-68
MERGED from [com.google.firebase:firebase-iid:15.1.0] AndroidManifest.xml:24:5-68
	android:name
		ADDED from morpheus/repo-factconnector/AndroidManifest.xml:27:22-65
uses-permission#android.permission.CALL_PHONE
ADDED from morpheus/repo-factconnector/AndroidManifest.xml:28:5-69
	android:name
		ADDED from morpheus/repo-factconnector/AndroidManifest.xml:28:22-66
uses-permission#android.permission.READ_PHONE_STATE
ADDED from morpheus/repo-factconnector/AndroidManifest.xml:29:5-75
	android:name
		ADDED from morpheus/repo-factconnector/AndroidManifest.xml:29:22-72
uses-permission#android.permission.READ_CONTACTS
ADDED from morpheus/repo-factconnector/AndroidManifest.xml:30:5-72
	android:name
		ADDED from morpheus/repo-factconnector/AndroidManifest.xml:30:22-69
uses-permission#android.permission.SEND_SMS
ADDED from morpheus/repo-factconnector/AndroidManifest.xml:31:5-67
	android:name
		ADDED from morpheus/repo-factconnector/AndroidManifest.xml:31:22-64
uses-permission#android.permission.INTERNET
ADDED from morpheus/repo-factconnector/AndroidManifest.xml:32:5-67
MERGED from [com.google.firebase:firebase-measurement-connector-impl:15.0.0] AndroidManifest.xml:22:5-67
MERGED from [com.google.firebase:firebase-analytics:15.0.2] AndroidManifest.xml:23:5-67
MERGED from [com.google.firebase:firebase-analytics-impl:15.0.2] AndroidManifest.xml:23:5-67
MERGED from [com.google.firebase:firebase-iid:15.1.0] AndroidManifest.xml:23:5-67
	android:name
		ADDED from morpheus/repo-factconnector/AndroidManifest.xml:32:22-64
uses-permission#android.permission.ACCESS_NETWORK_STATE
ADDED from morpheus/repo-factconnector/AndroidManifest.xml:33:5-79
MERGED from [com.google.firebase:firebase-measurement-connector-impl:15.0.0] AndroidManifest.xml:23:5-79
MERGED from [com.google.firebase:firebase-analytics:15.0.2] AndroidManifest.xml:24:5-79
MERGED from [com.google.firebase:firebase-analytics-impl:15.0.2] AndroidManifest.xml:24:5-79
MERGED from [com.google.firebase:firebase-iid:15.1.0] AndroidManifest.xml:22:5-79
	android:name
		ADDED from morpheus/repo-factconnector/AndroidManifest.xml:33:22-76
uses-permission#android.permission.ACCESS_WIFI_STATE
ADDED from morpheus/repo-factconnector/AndroidManifest.xml:34:5-76
	android:name
		ADDED from morpheus/repo-factconnector/AndroidManifest.xml:34:22-73
uses-permission#android.permission.CHANGE_WIFI_STATE
ADDED from morpheus/repo-factconnector/AndroidManifest.xml:35:5-76
	android:name
		ADDED from morpheus/repo-factconnector/AndroidManifest.xml:35:22-73
uses-permission#android.permission.ACCESS_COARSE_LOCATION
ADDED from morpheus/repo-factconnector/AndroidManifest.xml:36:5-81
	android:name
		ADDED from morpheus/repo-factconnector/AndroidManifest.xml:36:22-78
uses-permission#android.permission.ACCESS_FINE_LOCATION
ADDED from morpheus/repo-factconnector/AndroidManifest.xml:37:5-79
	android:name
		ADDED from morpheus/repo-factconnector/AndroidManifest.xml:37:22-76
uses-feature#android.hardware.camera
ADDED from morpheus/repo-factconnector/AndroidManifest.xml:39:5-60
	android:name
		ADDED from morpheus/repo-factconnector/AndroidManifest.xml:39:19-57
uses-permission#android.permission.RECORD_AUDIO
ADDED from morpheus/repo-factconnector/AndroidManifest.xml:41:5-71
	android:name
		ADDED from morpheus/repo-factconnector/AndroidManifest.xml:41:22-68
uses-permission#android.permission.CAMERA
ADDED from morpheus/repo-factconnector/AndroidManifest.xml:42:5-65
	android:name
		ADDED from morpheus/repo-factconnector/AndroidManifest.xml:42:22-62
uses-permission#android.permission.FLASHLIGHT
ADDED from morpheus/repo-factconnector/AndroidManifest.xml:43:5-69
	android:name
		ADDED from morpheus/repo-factconnector/AndroidManifest.xml:43:22-66
application
ADDED from morpheus/repo-factconnector/AndroidManifest.xml:45:5-219:19
MERGED from [com.google.firebase:firebase-messaging:15.0.2] AndroidManifest.xml:22:5-35:19
MERGED from [com.google.firebase:firebase-core:15.0.2] AndroidManifest.xml:7:5-20
MERGED from [com.google.firebase:firebase-measurement-connector-impl:15.0.0] AndroidManifest.xml:26:5-32:19
MERGED from [com.google.firebase:firebase-analytics:15.0.2] AndroidManifest.xml:28:5-53:19
MERGED from [com.google.firebase:firebase-analytics-impl:15.0.2] AndroidManifest.xml:28:5-39:19
MERGED from [com.google.android.gms:play-services-ads-identifier:15.0.1] AndroidManifest.xml:22:5-20
MERGED from [com.google.android.gms:play-services-measurement-base:15.0.2] AndroidManifest.xml:22:5-20
MERGED from [com.google.firebase:firebase-iid:15.1.0] AndroidManifest.xml:34:5-63:19
MERGED from [com.google.android.gms:play-services-stats:15.0.1] AndroidManifest.xml:7:5-20
MERGED from [com.google.firebase:firebase-common:15.0.1] AndroidManifest.xml:7:5-13:19
MERGED from [com.google.firebase:firebase-iid-interop:15.0.0] AndroidManifest.xml:7:5-8:19
MERGED from [com.google.android.gms:play-services-base:15.0.1] AndroidManifest.xml:22:5-27:19
MERGED from [com.google.android.gms:play-services-tasks:15.0.1] AndroidManifest.xml:7:5-20
MERGED from [com.google.firebase:firebase-measurement-connector:15.0.0] AndroidManifest.xml:22:5-23:19
MERGED from [com.google.android.gms:play-services-basement:15.0.1] AndroidManifest.xml:22:5-26:19
MERGED from [com.firebase:firebase-jobdispatcher:0.8.5] AndroidManifest.xml:26:5-40:19
MERGED from [com.android.support.constraint:constraint-layout:1.1.3] AndroidManifest.xml:9:5-20
	android:label
		ADDED from morpheus/repo-factconnector/AndroidManifest.xml:49:9-41
	android:allowBackup
		ADDED from morpheus/repo-factconnector/AndroidManifest.xml:47:9-35
	android:icon
		ADDED from morpheus/repo-factconnector/AndroidManifest.xml:48:9-42
	android:largeHeap
		ADDED from morpheus/repo-factconnector/AndroidManifest.xml:50:9-33
	android:theme
		ADDED from morpheus/repo-factconnector/AndroidManifest.xml:51:9-52
	android:name
		ADDED from morpheus/repo-factconnector/AndroidManifest.xml:46:9-57
activity#kr.co.genexon.factconnector.Startup
ADDED from morpheus/repo-factconnector/AndroidManifest.xml:52:9-60:20
	android:theme
		ADDED from morpheus/repo-factconnector/AndroidManifest.xml:54:13-56
	android:name
		ADDED from morpheus/repo-factconnector/AndroidManifest.xml:53:13-36
intent-filter#android.intent.action.MAIN+android.intent.category.LAUNCHER
ADDED from morpheus/repo-factconnector/AndroidManifest.xml:55:13-59:29
action#android.intent.action.MAIN
ADDED from morpheus/repo-factconnector/AndroidManifest.xml:56:17-69
	android:name
		ADDED from morpheus/repo-factconnector/AndroidManifest.xml:56:25-66
category#android.intent.category.LAUNCHER
ADDED from morpheus/repo-factconnector/AndroidManifest.xml:58:17-77
	android:name
		ADDED from morpheus/repo-factconnector/AndroidManifest.xml:58:27-74
activity#kr.co.genexon.factconnector.BaseActivity
ADDED from morpheus/repo-factconnector/AndroidManifest.xml:61:9-64:65
	android:imeOptions
		ADDED from morpheus/repo-factconnector/AndroidManifest.xml:64:13-62
	android:configChanges
		ADDED from morpheus/repo-factconnector/AndroidManifest.xml:63:13-81
	android:name
		ADDED from morpheus/repo-factconnector/AndroidManifest.xml:62:13-41
activity#kr.co.genexon.factconnector.samples.activity.ImageList1Activity
ADDED from morpheus/repo-factconnector/AndroidManifest.xml:65:9-67:84
	android:configChanges
		ADDED from morpheus/repo-factconnector/AndroidManifest.xml:67:13-81
	android:name
		ADDED from morpheus/repo-factconnector/AndroidManifest.xml:66:13-64
activity#kr.co.genexon.factconnector.samples.activity.ImageList2Activity
ADDED from morpheus/repo-factconnector/AndroidManifest.xml:68:9-70:84
	android:configChanges
		ADDED from morpheus/repo-factconnector/AndroidManifest.xml:70:13-81
	android:name
		ADDED from morpheus/repo-factconnector/AndroidManifest.xml:69:13-64
activity#kr.co.genexon.factconnector.samples.activity.ImageDetailsActivity
ADDED from morpheus/repo-factconnector/AndroidManifest.xml:71:9-73:84
	android:configChanges
		ADDED from morpheus/repo-factconnector/AndroidManifest.xml:73:13-81
	android:name
		ADDED from morpheus/repo-factconnector/AndroidManifest.xml:72:13-66
activity#kr.co.genexon.factconnector.samples.activity.StartActivity
ADDED from morpheus/repo-factconnector/AndroidManifest.xml:74:9-76:84
	android:configChanges
		ADDED from morpheus/repo-factconnector/AndroidManifest.xml:76:13-81
	android:name
		ADDED from morpheus/repo-factconnector/AndroidManifest.xml:75:13-59
activity#kr.co.genexon.factconnector.samples.activity.SampleActivity
ADDED from morpheus/repo-factconnector/AndroidManifest.xml:77:9-79:84
	android:configChanges
		ADDED from morpheus/repo-factconnector/AndroidManifest.xml:79:13-81
	android:name
		ADDED from morpheus/repo-factconnector/AndroidManifest.xml:78:13-60
activity#kr.co.genexon.factconnector.samples.activity.SampleActivity2
ADDED from morpheus/repo-factconnector/AndroidManifest.xml:80:9-82:84
	android:configChanges
		ADDED from morpheus/repo-factconnector/AndroidManifest.xml:82:13-81
	android:name
		ADDED from morpheus/repo-factconnector/AndroidManifest.xml:81:13-61
activity#kr.co.genexon.factconnector.samples.activity.BatchTempActivity
ADDED from morpheus/repo-factconnector/AndroidManifest.xml:83:9-85:84
	android:configChanges
		ADDED from morpheus/repo-factconnector/AndroidManifest.xml:85:13-81
	android:name
		ADDED from morpheus/repo-factconnector/AndroidManifest.xml:84:13-63
activity#kr.co.genexon.factconnector.samples.activity.SampleNativeListActivity
ADDED from morpheus/repo-factconnector/AndroidManifest.xml:86:9-88:84
	android:configChanges
		ADDED from morpheus/repo-factconnector/AndroidManifest.xml:88:13-81
	android:name
		ADDED from morpheus/repo-factconnector/AndroidManifest.xml:87:13-70
activity#kr.co.genexon.factconnector.samples.activity.SampleNativeMapActivity
ADDED from morpheus/repo-factconnector/AndroidManifest.xml:89:9-91:84
	android:configChanges
		ADDED from morpheus/repo-factconnector/AndroidManifest.xml:91:13-81
	android:name
		ADDED from morpheus/repo-factconnector/AndroidManifest.xml:90:13-69
activity#kr.co.genexon.factconnector.samples.activity.ShowPushPopup
ADDED from morpheus/repo-factconnector/AndroidManifest.xml:92:9-95:73
	android:screenOrientation
		ADDED from morpheus/repo-factconnector/AndroidManifest.xml:94:13-49
	android:windowSoftInputMode
		ADDED from morpheus/repo-factconnector/AndroidManifest.xml:95:13-70
	android:name
		ADDED from morpheus/repo-factconnector/AndroidManifest.xml:93:13-59
activity#m.client.android.library.core.view.MainActivity
ADDED from morpheus/repo-factconnector/AndroidManifest.xml:96:9-99:65
	android:imeOptions
		ADDED from morpheus/repo-factconnector/AndroidManifest.xml:99:13-62
	android:configChanges
		ADDED from morpheus/repo-factconnector/AndroidManifest.xml:98:13-81
	android:name
		ADDED from morpheus/repo-factconnector/AndroidManifest.xml:97:13-75
provider#m.client.android.library.core.managers.LocalFileContentProvider
ADDED from morpheus/repo-factconnector/AndroidManifest.xml:101:9-103:57
	android:authorities
		ADDED from morpheus/repo-factconnector/AndroidManifest.xml:103:13-54
	android:name
		ADDED from morpheus/repo-factconnector/AndroidManifest.xml:102:13-91
activity#m.client.library.addon.media.AudioRecoderActivity
ADDED from morpheus/repo-factconnector/AndroidManifest.xml:105:9-107:73
	android:configChanges
		ADDED from morpheus/repo-factconnector/AndroidManifest.xml:107:13-70
	android:name
		ADDED from morpheus/repo-factconnector/AndroidManifest.xml:106:13-77
activity#m.client.library.addon.media.MediaPlayActivity
ADDED from morpheus/repo-factconnector/AndroidManifest.xml:108:9-111:69
	android:configChanges
		ADDED from morpheus/repo-factconnector/AndroidManifest.xml:110:13-74
	android:theme
		ADDED from morpheus/repo-factconnector/AndroidManifest.xml:111:13-66
	android:name
		ADDED from morpheus/repo-factconnector/AndroidManifest.xml:109:13-74
activity#m.client.library.addon.media.crop.CropImageActivity
ADDED from morpheus/repo-factconnector/AndroidManifest.xml:112:9-115:69
	android:configChanges
		ADDED from morpheus/repo-factconnector/AndroidManifest.xml:114:13-74
	android:theme
		ADDED from morpheus/repo-factconnector/AndroidManifest.xml:115:13-66
	android:name
		ADDED from morpheus/repo-factconnector/AndroidManifest.xml:113:13-79
activity#kr.co.genexon.factconnector.PushMessageManager
ADDED from morpheus/repo-factconnector/AndroidManifest.xml:116:9-125:20
	android:screenOrientation
		ADDED from morpheus/repo-factconnector/AndroidManifest.xml:118:13-49
	android:windowSoftInputMode
		ADDED from morpheus/repo-factconnector/AndroidManifest.xml:119:13-70
	android:name
		ADDED from morpheus/repo-factconnector/AndroidManifest.xml:117:13-47
intent-filter#android.intent.category.DEFAULT+kr.co.genexon.factconnector.notification
ADDED from morpheus/repo-factconnector/AndroidManifest.xml:120:13-124:29
action#kr.co.genexon.factconnector.notification
ADDED from morpheus/repo-factconnector/AndroidManifest.xml:121:17-83
	android:name
		ADDED from morpheus/repo-factconnector/AndroidManifest.xml:121:25-80
category#android.intent.category.DEFAULT
ADDED from morpheus/repo-factconnector/AndroidManifest.xml:123:17-76
	android:name
		ADDED from morpheus/repo-factconnector/AndroidManifest.xml:123:27-73
service#m.client.push.library.service.UPNSJobService
ADDED from morpheus/repo-factconnector/AndroidManifest.xml:128:9-134:19
	android:exported
		ADDED from morpheus/repo-factconnector/AndroidManifest.xml:130:13-37
	android:name
		ADDED from morpheus/repo-factconnector/AndroidManifest.xml:129:13-72
intent-filter#com.firebase.jobdispatcher.ACTION_EXECUTE
ADDED from morpheus/repo-factconnector/AndroidManifest.xml:131:13-133:29
action#com.firebase.jobdispatcher.ACTION_EXECUTE
ADDED from morpheus/repo-factconnector/AndroidManifest.xml:132:17-84
	android:name
		ADDED from morpheus/repo-factconnector/AndroidManifest.xml:132:25-81
service#com.firebase.jobdispatcher.GooglePlayReceiver
ADDED from morpheus/repo-factconnector/AndroidManifest.xml:135:9-142:19
MERGED from [com.firebase:firebase-jobdispatcher:0.8.5] AndroidManifest.xml:32:9-39:19
	android:exported
		ADDED from morpheus/repo-factconnector/AndroidManifest.xml:137:13-36
	android:permission
		ADDED from morpheus/repo-factconnector/AndroidManifest.xml:138:13-93
	android:name
		ADDED from morpheus/repo-factconnector/AndroidManifest.xml:136:13-73
intent-filter#com.google.android.gms.gcm.ACTION_TASK_READY
ADDED from morpheus/repo-factconnector/AndroidManifest.xml:139:13-141:29
action#com.google.android.gms.gcm.ACTION_TASK_READY
ADDED from morpheus/repo-factconnector/AndroidManifest.xml:140:17-87
	android:name
		ADDED from morpheus/repo-factconnector/AndroidManifest.xml:140:25-84
receiver#m.client.push.library.receiver.ServiceHandleReceiver
ADDED from morpheus/repo-factconnector/AndroidManifest.xml:145:9-160:20
	android:name
		ADDED from morpheus/repo-factconnector/AndroidManifest.xml:145:19-86
intent-filter#android.intent.category.DEFAULT+kr.co.genexon.factconnector.RESTART_PUSHSERVICE+kr.co.genexon.factconnector.START_PUSHSERVICE+kr.co.genexon.factconnector.STOP_PUSHSERVICE
ADDED from morpheus/repo-factconnector/AndroidManifest.xml:146:13-152:29
action#kr.co.genexon.factconnector.START_PUSHSERVICE
ADDED from morpheus/repo-factconnector/AndroidManifest.xml:147:17-88
	android:name
		ADDED from morpheus/repo-factconnector/AndroidManifest.xml:147:25-85
action#kr.co.genexon.factconnector.STOP_PUSHSERVICE
ADDED from morpheus/repo-factconnector/AndroidManifest.xml:148:17-87
	android:name
		ADDED from morpheus/repo-factconnector/AndroidManifest.xml:148:25-84
action#kr.co.genexon.factconnector.RESTART_PUSHSERVICE
ADDED from morpheus/repo-factconnector/AndroidManifest.xml:149:17-90
	android:name
		ADDED from morpheus/repo-factconnector/AndroidManifest.xml:149:25-87
intent-filter#android.intent.action.BOOT_COMPLETED+android.intent.action.SCREEN_OFF+android.intent.action.SCREEN_ON+android.intent.action.USER_PRESENT+android.intext.action.MY_PACKAGE_REPLACED
ADDED from morpheus/repo-factconnector/AndroidManifest.xml:153:13-159:29
action#android.intent.action.BOOT_COMPLETED
ADDED from morpheus/repo-factconnector/AndroidManifest.xml:154:17-79
	android:name
		ADDED from morpheus/repo-factconnector/AndroidManifest.xml:154:25-76
action#android.intent.action.USER_PRESENT
ADDED from morpheus/repo-factconnector/AndroidManifest.xml:155:17-77
	android:name
		ADDED from morpheus/repo-factconnector/AndroidManifest.xml:155:25-74
action#android.intent.action.SCREEN_OFF
ADDED from morpheus/repo-factconnector/AndroidManifest.xml:156:17-75
	android:name
		ADDED from morpheus/repo-factconnector/AndroidManifest.xml:156:25-72
action#android.intent.action.SCREEN_ON
ADDED from morpheus/repo-factconnector/AndroidManifest.xml:157:17-74
	android:name
		ADDED from morpheus/repo-factconnector/AndroidManifest.xml:157:25-71
action#android.intext.action.MY_PACKAGE_REPLACED
ADDED from morpheus/repo-factconnector/AndroidManifest.xml:158:17-84
	android:name
		ADDED from morpheus/repo-factconnector/AndroidManifest.xml:158:25-81
receiver#m.client.push.library.receiver.UpnsActionReceiver
ADDED from morpheus/repo-factconnector/AndroidManifest.xml:161:9-167:20
	android:name
		ADDED from morpheus/repo-factconnector/AndroidManifest.xml:161:19-83
intent-filter#android.intent.category.DEFAULT+kr.co.genexon.factconnector.ACTION_UPNS
ADDED from morpheus/repo-factconnector/AndroidManifest.xml:162:13-166:29
action#kr.co.genexon.factconnector.ACTION_UPNS
ADDED from morpheus/repo-factconnector/AndroidManifest.xml:163:17-82
	android:name
		ADDED from morpheus/repo-factconnector/AndroidManifest.xml:163:25-79
service#m.client.push.library.service.GCMIntentService
ADDED from morpheus/repo-factconnector/AndroidManifest.xml:170:9-176:19
	android:exported
		ADDED from morpheus/repo-factconnector/AndroidManifest.xml:172:13-37
	android:name
		ADDED from morpheus/repo-factconnector/AndroidManifest.xml:171:13-74
intent-filter#com.google.firebase.MESSAGING_EVENT
ADDED from morpheus/repo-factconnector/AndroidManifest.xml:173:13-175:29
action#com.google.firebase.MESSAGING_EVENT
ADDED from morpheus/repo-factconnector/AndroidManifest.xml:174:17-78
	android:name
		ADDED from morpheus/repo-factconnector/AndroidManifest.xml:174:25-75
service#m.client.push.library.service.GCMInstanceIDListenerService
ADDED from morpheus/repo-factconnector/AndroidManifest.xml:186:9-192:19
	android:exported
		ADDED from morpheus/repo-factconnector/AndroidManifest.xml:188:13-36
	android:name
		ADDED from morpheus/repo-factconnector/AndroidManifest.xml:187:13-86
intent-filter#com.google.firebase.INSTANCE_ID_EVENT
ADDED from morpheus/repo-factconnector/AndroidManifest.xml:189:13-191:29
action#com.google.firebase.INSTANCE_ID_EVENT
ADDED from morpheus/repo-factconnector/AndroidManifest.xml:190:17-80
	android:name
		ADDED from morpheus/repo-factconnector/AndroidManifest.xml:190:25-77
receiver#kr.co.genexon.factconnector.push.MessageArrivedReceiver
ADDED from morpheus/repo-factconnector/AndroidManifest.xml:194:9-201:20
	android:name
		ADDED from morpheus/repo-factconnector/AndroidManifest.xml:194:19-62
intent-filter#android.intent.category.DEFAULT+kr.co.genexon.factconnector.GCM_MESSAGE_ARRIVED+kr.co.genexon.factconnector.UPNS_MESSAGE_ARRIVED
ADDED from morpheus/repo-factconnector/AndroidManifest.xml:195:13-200:29
action#kr.co.genexon.factconnector.GCM_MESSAGE_ARRIVED
ADDED from morpheus/repo-factconnector/AndroidManifest.xml:196:17-90
	android:name
		ADDED from morpheus/repo-factconnector/AndroidManifest.xml:196:25-87
action#kr.co.genexon.factconnector.UPNS_MESSAGE_ARRIVED
ADDED from morpheus/repo-factconnector/AndroidManifest.xml:197:17-91
	android:name
		ADDED from morpheus/repo-factconnector/AndroidManifest.xml:197:25-88
receiver#kr.co.genexon.factconnector.push.PushActionReceiver
ADDED from morpheus/repo-factconnector/AndroidManifest.xml:202:9-208:20
	android:name
		ADDED from morpheus/repo-factconnector/AndroidManifest.xml:202:19-58
intent-filter#android.intent.category.DEFAULT+kr.co.genexon.factconnector.ACTION_COMPLETED
ADDED from morpheus/repo-factconnector/AndroidManifest.xml:203:13-207:29
action#kr.co.genexon.factconnector.ACTION_COMPLETED
ADDED from morpheus/repo-factconnector/AndroidManifest.xml:204:17-87
	android:name
		ADDED from morpheus/repo-factconnector/AndroidManifest.xml:204:25-84
receiver#m.client.push.library.receiver.GcmActionReceiver
ADDED from morpheus/repo-factconnector/AndroidManifest.xml:209:9-215:20
	android:name
		ADDED from morpheus/repo-factconnector/AndroidManifest.xml:209:19-82
intent-filter#android.intent.category.DEFAULT+kr.co.genexon.factconnector.ACTION_GCM
ADDED from morpheus/repo-factconnector/AndroidManifest.xml:210:13-214:29
action#kr.co.genexon.factconnector.ACTION_GCM
ADDED from morpheus/repo-factconnector/AndroidManifest.xml:211:17-81
	android:name
		ADDED from morpheus/repo-factconnector/AndroidManifest.xml:211:25-78
activity#kr.co.genexon.factconnector.LockPasswordActivity
ADDED from morpheus/repo-factconnector/AndroidManifest.xml:217:9-58
	android:name
		ADDED from morpheus/repo-factconnector/AndroidManifest.xml:217:19-55
activity#com.softsecurity.transkey.TransKeyActivity
ADDED from morpheus/repo-factconnector/AndroidManifest.xml:218:9-79
	android:name
		ADDED from morpheus/repo-factconnector/AndroidManifest.xml:218:19-76
service#com.google.firebase.messaging.FirebaseMessagingService
ADDED from [com.google.firebase:firebase-messaging:15.0.2] AndroidManifest.xml:28:9-34:19
	android:exported
		ADDED from [com.google.firebase:firebase-messaging:15.0.2] AndroidManifest.xml:30:13-36
	android:name
		ADDED from [com.google.firebase:firebase-messaging:15.0.2] AndroidManifest.xml:29:13-82
service#com.google.firebase.components.ComponentDiscoveryService
ADDED from [com.google.firebase:firebase-measurement-connector-impl:15.0.0] AndroidManifest.xml:27:9-31:19
MERGED from [com.google.firebase:firebase-iid:15.1.0] AndroidManifest.xml:35:9-39:19
	android:name
		ADDED from [com.google.firebase:firebase-measurement-connector-impl:15.0.0] AndroidManifest.xml:27:18-89
meta-data#com.google.firebase.components:com.google.firebase.analytics.connector.internal.AnalyticsConnectorRegistrar
ADDED from [com.google.firebase:firebase-measurement-connector-impl:15.0.0] AndroidManifest.xml:28:13-30:85
	android:value
		ADDED from [com.google.firebase:firebase-measurement-connector-impl:15.0.0] AndroidManifest.xml:30:17-82
	android:name
		ADDED from [com.google.firebase:firebase-measurement-connector-impl:15.0.0] AndroidManifest.xml:29:17-139
uses-permission#com.google.android.finsky.permission.BIND_GET_INSTALL_REFERRER_SERVICE
ADDED from [com.google.firebase:firebase-analytics:15.0.2] AndroidManifest.xml:26:5-110
MERGED from [com.google.firebase:firebase-analytics-impl:15.0.2] AndroidManifest.xml:26:5-110
	android:name
		ADDED from [com.google.firebase:firebase-analytics:15.0.2] AndroidManifest.xml:26:22-107
receiver#com.google.android.gms.measurement.AppMeasurementReceiver
ADDED from [com.google.firebase:firebase-analytics:15.0.2] AndroidManifest.xml:29:9-33:20
MERGED from [com.google.firebase:firebase-analytics-impl:15.0.2] AndroidManifest.xml:29:9-33:20
	android:enabled
		ADDED from [com.google.firebase:firebase-analytics:15.0.2] AndroidManifest.xml:31:13-35
	android:exported
		ADDED from [com.google.firebase:firebase-analytics:15.0.2] AndroidManifest.xml:32:13-37
	android:name
		ADDED from [com.google.firebase:firebase-analytics:15.0.2] AndroidManifest.xml:30:13-85
receiver#com.google.android.gms.measurement.AppMeasurementInstallReferrerReceiver
ADDED from [com.google.firebase:firebase-analytics:15.0.2] AndroidManifest.xml:34:9-42:20
	android:enabled
		ADDED from [com.google.firebase:firebase-analytics:15.0.2] AndroidManifest.xml:36:13-35
	android:exported